WonderScope_2022/Library/Bee/Android/Prj/Mono2x/Gradle/launcher/build/intermediates/manifest_merge_blame_file/release/manifest-merger-blame-release-report.txt
1<?xml version="1.0" encoding="utf-8"?>
2<manifest xmlns:android="http://schemas.android.com/apk/res/android"
3    package="com.DefaultCompany.WonderScope_2022"
4    android:installLocation="preferExternal"
5    android:versionCode="1"
6    android:versionName="1.0.2" >
7
8    <uses-sdk
9        android:minSdkVersion="22"
9-->src/main/AndroidManifest.xml
10        android:targetSdkVersion="30" />
10-->src/main/AndroidManifest.xml
11
12    <supports-screens
12-->src/main/AndroidManifest.xml:3:3-163
13        android:anyDensity="true"
13-->src/main/AndroidManifest.xml:3:135-160
14        android:largeScreens="true"
14-->src/main/AndroidManifest.xml:3:78-105
15        android:normalScreens="true"
15-->src/main/AndroidManifest.xml:3:49-77
16        android:smallScreens="true"
16-->src/main/AndroidManifest.xml:3:21-48
17        android:xlargeScreens="true" />
17-->src/main/AndroidManifest.xml:3:106-134
18
19    <uses-feature android:glEsVersion="0x00020000" />
19-->[:unityLibrary] AndroidManifest.xml:20:5-54
19-->[:unityLibrary] AndroidManifest.xml:20:19-51
20
21    <uses-permission android:name="android.permission.INTERNET" />
21-->[:unityLibrary] AndroidManifest.xml:22:5-67
21-->[:unityLibrary] AndroidManifest.xml:22:22-64
22    <uses-permission android:name="android.permission.BLUETOOTH" />
22-->[:unityLibrary] AndroidManifest.xml:23:5-68
22-->[:unityLibrary] AndroidManifest.xml:23:22-65
23    <uses-permission android:name="android.permission.BLUETOOTH_ADMIN" />
23-->[:unityLibrary] AndroidManifest.xml:24:5-74
23-->[:unityLibrary] AndroidManifest.xml:24:22-71
24    <uses-permission android:name="android.permission.ACCESS_COARSE_LOCATION" />
24-->[:unityLibrary] AndroidManifest.xml:25:5-81
24-->[:unityLibrary] AndroidManifest.xml:25:22-78
25    <uses-permission android:name="android.permission.ACCESS_FINE_LOCATION" />
25-->[:unityLibrary] AndroidManifest.xml:26:5-79
25-->[:unityLibrary] AndroidManifest.xml:26:22-76
26    <uses-permission android:name="android.permission.VIBRATE" />
26-->[:unityLibrary] AndroidManifest.xml:27:5-66
26-->[:unityLibrary] AndroidManifest.xml:27:22-63
27
28    <uses-feature
28-->[:unityLibrary] AndroidManifest.xml:29:5-31:36
29        android:name="android.hardware.touchscreen"
29-->[:unityLibrary] AndroidManifest.xml:30:9-52
30        android:required="false" />
30-->[:unityLibrary] AndroidManifest.xml:31:9-33
31    <uses-feature
31-->[:unityLibrary] AndroidManifest.xml:32:5-34:36
32        android:name="android.hardware.touchscreen.multitouch"
32-->[:unityLibrary] AndroidManifest.xml:33:9-63
33        android:required="false" />
33-->[:unityLibrary] AndroidManifest.xml:34:9-33
34    <uses-feature
34-->[:unityLibrary] AndroidManifest.xml:35:5-37:36
35        android:name="android.hardware.touchscreen.multitouch.distinct"
35-->[:unityLibrary] AndroidManifest.xml:36:9-72
36        android:required="false" />
36-->[:unityLibrary] AndroidManifest.xml:37:9-33
37    <uses-feature
37-->[:unityLibrary] AndroidManifest.xml:38:5-40:36
38        android:name="android.hardware.sensor.gyroscope"
38-->[:unityLibrary] AndroidManifest.xml:39:9-57
39        android:required="false" />
39-->[:unityLibrary] AndroidManifest.xml:40:9-33
40    <uses-feature
40-->[:unityLibrary] AndroidManifest.xml:41:5-43:36
41        android:name="android.hardware.vulkan.version"
41-->[:unityLibrary] AndroidManifest.xml:42:9-55
42        android:required="false" />
42-->[:unityLibrary] AndroidManifest.xml:43:9-33
43
44    <application
44-->src/main/AndroidManifest.xml:4:3-83
45        android:extractNativeLibs="true"
45-->[:unityLibrary] AndroidManifest.xml:46:9-41
46        android:icon="@mipmap/app_icon"
46-->src/main/AndroidManifest.xml:4:49-80
47        android:isGame="false"
47-->[:unityLibrary] AndroidManifest.xml:48:9-31
48        android:label="@string/app_name"
48-->src/main/AndroidManifest.xml:4:16-48
49        android:theme="@style/UnityThemeSelector" >
49-->[:unityLibrary] AndroidManifest.xml:50:9-50
50        <activity
50-->[:unityLibrary] AndroidManifest.xml:51:9-72:20
51            android:name="com.unity3d.player.UnityPlayerActivity"
51-->[:unityLibrary] AndroidManifest.xml:52:13-66
52            android:configChanges="mcc|mnc|locale|touchscreen|keyboard|keyboardHidden|navigation|orientation|screenLayout|uiMode|screenSize|smallestScreenSize|fontScale|layoutDirection|density"
52-->[:unityLibrary] AndroidManifest.xml:53:13-194
53            android:hardwareAccelerated="false"
53-->[:unityLibrary] AndroidManifest.xml:54:13-48
54            android:label="@string/app_name"
54-->[:unityLibrary] AndroidManifest.xml:55:13-45
55            android:launchMode="singleTask"
55-->[:unityLibrary] AndroidManifest.xml:56:13-44
56            android:resizeableActivity="false"
56-->[:unityLibrary] AndroidManifest.xml:57:13-47
57            android:screenOrientation="fullSensor" >
57-->[:unityLibrary] AndroidManifest.xml:58:13-51
58            <intent-filter>
58-->[:unityLibrary] AndroidManifest.xml:59:13-64:29
59                <action android:name="android.intent.action.MAIN" />
59-->[:unityLibrary] AndroidManifest.xml:60:17-69
59-->[:unityLibrary] AndroidManifest.xml:60:25-66
60
61                <category android:name="android.intent.category.LAUNCHER" />
61-->[:unityLibrary] AndroidManifest.xml:62:17-77
61-->[:unityLibrary] AndroidManifest.xml:62:27-74
62                <category android:name="android.intent.category.LEANBACK_LAUNCHER" />
62-->[:unityLibrary] AndroidManifest.xml:63:17-86
62-->[:unityLibrary] AndroidManifest.xml:63:27-83
63            </intent-filter>
64
65            <meta-data
65-->[:unityLibrary] AndroidManifest.xml:66:13-68:40
66                android:name="unityplayer.UnityActivity"
66-->[:unityLibrary] AndroidManifest.xml:67:17-57
67                android:value="true" />
67-->[:unityLibrary] AndroidManifest.xml:68:17-37
68            <meta-data
68-->[:unityLibrary] AndroidManifest.xml:69:13-71:40
69                android:name="android.notch_support"
69-->[:unityLibrary] AndroidManifest.xml:70:17-53
70                android:value="true" />
70-->[:unityLibrary] AndroidManifest.xml:71:17-37
71        </activity>
72        <activity
72-->[:unityLibrary] AndroidManifest.xml:73:9-78:20
73            android:name="com.beom.myble.MainActivity"
73-->[:unityLibrary] AndroidManifest.xml:74:13-55
74            android:configChanges="keyboardHidden|orientation|screenSize"
74-->[:unityLibrary] AndroidManifest.xml:75:13-74
75            android:label="@string/app_name"
75-->[:unityLibrary] AndroidManifest.xml:76:13-45
76            android:windowSoftInputMode="stateHidden" >
76-->[:unityLibrary] AndroidManifest.xml:77:13-54
77        </activity>
78        <activity
78-->[:unityLibrary] AndroidManifest.xml:79:9-81:48
79            android:name="com.beom.myble.DeviceListActivity"
79-->[:unityLibrary] AndroidManifest.xml:80:13-61
80            android:label="@string/app_name" />
80-->[:unityLibrary] AndroidManifest.xml:81:13-45
81
82        <service
82-->[:unityLibrary] AndroidManifest.xml:83:9-85:38
83            android:name="com.beom.myble.UartService"
83-->[:unityLibrary] AndroidManifest.xml:84:13-54
84            android:enabled="true" />
84-->[:unityLibrary] AndroidManifest.xml:85:13-35
85
86        <meta-data
86-->[:unityLibrary] AndroidManifest.xml:87:9-89:68
87            android:name="unity.build-id"
87-->[:unityLibrary] AndroidManifest.xml:88:13-42
88            android:value="0be35ef4-21be-4755-a90b-1ea9ed4133cf" />
88-->[:unityLibrary] AndroidManifest.xml:89:13-65
89        <meta-data
89-->[:unityLibrary] AndroidManifest.xml:90:9-92:33
90            android:name="unity.splash-mode"
90-->[:unityLibrary] AndroidManifest.xml:91:13-45
91            android:value="0" />
91-->[:unityLibrary] AndroidManifest.xml:92:13-30
92        <meta-data
92-->[:unityLibrary] AndroidManifest.xml:93:9-95:36
93            android:name="unity.splash-enable"
93-->[:unityLibrary] AndroidManifest.xml:94:13-47
94            android:value="True" />
94-->[:unityLibrary] AndroidManifest.xml:95:13-33
95        <meta-data
95-->[:unityLibrary] AndroidManifest.xml:96:9-98:36
96            android:name="unity.launch-fullscreen"
96-->[:unityLibrary] AndroidManifest.xml:97:13-51
97            android:value="True" />
97-->[:unityLibrary] AndroidManifest.xml:98:13-33
98        <meta-data
98-->[:unityLibrary] AndroidManifest.xml:99:9-101:37
99            android:name="unity.allow-resizable-window"
99-->[:unityLibrary] AndroidManifest.xml:100:13-56
100            android:value="False" />
100-->[:unityLibrary] AndroidManifest.xml:101:13-34
101        <meta-data
101-->[:unityLibrary] AndroidManifest.xml:102:9-104:50
102            android:name="notch.config"
102-->[:unityLibrary] AndroidManifest.xml:103:13-40
103            android:value="portrait|landscape" />
103-->[:unityLibrary] AndroidManifest.xml:104:13-47
104
105        <receiver
105-->[:unityLibrary] AndroidManifest.xml:106:9-108:39
106            android:name="com.unity.androidnotifications.UnityNotificationManager"
106-->[:unityLibrary] AndroidManifest.xml:107:13-83
107            android:exported="true" />
107-->[:unityLibrary] AndroidManifest.xml:108:13-36
108        <receiver
108-->[:unityLibrary] AndroidManifest.xml:109:9-116:20
109            android:name="com.unity.androidnotifications.UnityNotificationRestartOnBootReceiver"
109-->[:unityLibrary] AndroidManifest.xml:110:13-97
110            android:enabled="false"
110-->[:unityLibrary] AndroidManifest.xml:111:13-36
111            android:exported="true" >
111-->[:unityLibrary] AndroidManifest.xml:112:13-36
112            <intent-filter>
112-->[:unityLibrary] AndroidManifest.xml:113:13-115:29
113                <action android:name="android.intent.action.BOOT_COMPLETED" />
113-->[:unityLibrary] AndroidManifest.xml:114:17-79
113-->[:unityLibrary] AndroidManifest.xml:114:25-76
114            </intent-filter>
115        </receiver>
116
117        <activity
117-->[:myble_v10-debug:] AndroidManifest.xml:18:9-23:20
118            android:name="com.beom.myble_v10.MainActivity"
118-->[:myble_v10-debug:] AndroidManifest.xml:19:13-59
119            android:configChanges="keyboardHidden|orientation|screenSize"
119-->[:myble_v10-debug:] AndroidManifest.xml:20:13-74
120            android:label="@string/app_name"
120-->[:myble_v10-debug:] AndroidManifest.xml:21:13-45
121            android:windowSoftInputMode="stateHidden" >
121-->[:myble_v10-debug:] AndroidManifest.xml:22:13-54
122        </activity>
123        <activity
123-->[:myble_v10-debug:] AndroidManifest.xml:24:9-26:48
124            android:name="com.beom.myble_v10.DeviceListActivity"
124-->[:myble_v10-debug:] AndroidManifest.xml:25:13-65
125            android:label="@string/app_name" />
125-->[:myble_v10-debug:] AndroidManifest.xml:26:13-45
126
127        <service
127-->[:myble_v10-debug:] AndroidManifest.xml:28:9-30:38
128            android:name="com.beom.myble_v10.UartService"
128-->[:myble_v10-debug:] AndroidManifest.xml:29:13-58
129            android:enabled="true" />
129-->[:myble_v10-debug:] AndroidManifest.xml:30:13-35
130    </application>
131
132</manifest>